# JRE version: OpenJDK Runtime Environment (17.0.9) (build 17.0.9+0--11185874)
# Java VM: OpenJDK 64-Bit Server VM (17.0.9+0--11185874, mixed mode, tiered, compressed oops, compressed class ptrs, g1 gc, windows-amd64)
GC Precious Log:
 CPUs: 12 total, 12 available
 Memory: 31952M
 Large Page Support: Disabled
 NUMA Support: Disabled
 Compressed Oops: Enabled (32-bit)
 Heap Region Size: 1M
 Heap Min Capacity: 8M
 Heap Initial Capacity: 500M
 Heap Max Capacity: 2G
 Pre-touch: Disabled
 Parallel Workers: 10
 Concurrent Workers: 3
 Concurrent Refinement Workers: 10
 Periodic GC: Disabled
Heap:
 garbage-first heap   total 232448K, used 160918K [0x0000000080000000, 0x0000000100000000)
  region size 1024K, 21 young (21504K), 7 survivors (7168K)
 Metaspace       used 124732K, committed 125568K, reserved 1179648K
  class space    used 16791K, committed 17152K, reserved 1048576K
GC Heap History (20 events):
Event: 36.545 GC heap before
{Heap before GC invocations=34 (full 0):
 garbage-first heap   total 208896K, used 165777K [0x0000000080000000, 0x0000000100000000)
  region size 1024K, 58 young (59392K), 2 survivors (2048K)
 Metaspace       used 115124K, committed 115840K, reserved 1179648K
  class space    used 15305K, committed 15616K, reserved 1048576K
}
Event: 36.548 GC heap after
{Heap after GC invocations=35 (full 0):
 garbage-first heap   total 208896K, used 114310K [0x0000000080000000, 0x0000000100000000)
  region size 1024K, 7 young (7168K), 7 survivors (7168K)
 Metaspace       used 115124K, committed 115840K, reserved 1179648K
  class space    used 15305K, committed 15616K, reserved 1048576K
}
Event: 36.833 GC heap before
{Heap before GC invocations=35 (full 0):
 garbage-first heap   total 208896K, used 167558K [0x0000000080000000, 0x0000000100000000)
  region size 1024K, 60 young (61440K), 7 survivors (7168K)
 Metaspace       used 115603K, committed 116352K, reserved 1179648K
  class space    used 15355K, committed 15680K, reserved 1048576K
}
Event: 36.838 GC heap after
{Heap after GC invocations=36 (full 0):
 garbage-first heap   total 208896K, used 116148K [0x0000000080000000, 0x0000000100000000)
  region size 1024K, 2 young (2048K), 2 survivors (2048K)
 Metaspace       used 115603K, committed 116352K, reserved 1179648K
  class space    used 15355K, committed 15680K, reserved 1048576K
}
Event: 37.253 GC heap before
{Heap before GC invocations=37 (full 0):
 garbage-first heap   total 219136K, used 170420K [0x0000000080000000, 0x0000000100000000)
  region size 1024K, 56 young (57344K), 2 survivors (2048K)
 Metaspace       used 115790K, committed 116544K, reserved 1179648K
  class space    used 15366K, committed 15680K, reserved 1048576K
}
Event: 37.255 GC heap after
{Heap after GC invocations=38 (full 0):
 garbage-first heap   total 219136K, used 116840K [0x0000000080000000, 0x0000000100000000)
  region size 1024K, 3 young (3072K), 3 survivors (3072K)
 Metaspace       used 115790K, committed 116544K, reserved 1179648K
  class space    used 15366K, committed 15680K, reserved 1048576K
}
Event: 37.279 GC heap before
{Heap before GC invocations=38 (full 0):
 garbage-first heap   total 219136K, used 122984K [0x0000000080000000, 0x0000000100000000)
  region size 1024K, 10 young (10240K), 3 survivors (3072K)
 Metaspace       used 115794K, committed 116544K, reserved 1179648K
  class space    used 15367K, committed 15680K, reserved 1048576K
}
Event: 37.281 GC heap after
{Heap after GC invocations=39 (full 0):
 garbage-first heap   total 219136K, used 110813K [0x0000000080000000, 0x0000000100000000)
  region size 1024K, 1 young (1024K), 1 survivors (1024K)
 Metaspace       used 115794K, committed 116544K, reserved 1179648K
  class space    used 15367K, committed 15680K, reserved 1048576K
}
Event: 37.998 GC heap before
{Heap before GC invocations=39 (full 0):
 garbage-first heap   total 219136K, used 179421K [0x0000000080000000, 0x0000000100000000)
  region size 1024K, 69 young (70656K), 1 survivors (1024K)
 Metaspace       used 116473K, committed 117184K, reserved 1179648K
  class space    used 15455K, committed 15808K, reserved 1048576K
}
Event: 38.001 GC heap after
{Heap after GC invocations=40 (full 0):
 garbage-first heap   total 219136K, used 113925K [0x0000000080000000, 0x0000000100000000)
  region size 1024K, 4 young (4096K), 4 survivors (4096K)
 Metaspace       used 116473K, committed 117184K, reserved 1179648K
  class space    used 15455K, committed 15808K, reserved 1048576K
}
Event: 38.446 GC heap before
{Heap before GC invocations=40 (full 0):
 garbage-first heap   total 219136K, used 181509K [0x0000000080000000, 0x0000000100000000)
  region size 1024K, 71 young (72704K), 4 survivors (4096K)
 Metaspace       used 120267K, committed 121088K, reserved 1179648K
  class space    used 16054K, committed 16448K, reserved 1048576K
}
Event: 38.450 GC heap after
{Heap after GC invocations=41 (full 0):
 garbage-first heap   total 219136K, used 123764K [0x0000000080000000, 0x0000000100000000)
  region size 1024K, 9 young (9216K), 9 survivors (9216K)
 Metaspace       used 120267K, committed 121088K, reserved 1179648K
  class space    used 16054K, committed 16448K, reserved 1048576K
}
Event: 38.847 GC heap before
{Heap before GC invocations=41 (full 0):
 garbage-first heap   total 219136K, used 180084K [0x0000000080000000, 0x0000000100000000)
  region size 1024K, 64 young (65536K), 9 survivors (9216K)
 Metaspace       used 121730K, committed 122560K, reserved 1179648K
  class space    used 16318K, committed 16704K, reserved 1048576K
}
Event: 38.854 GC heap after
{Heap after GC invocations=42 (full 0):
 garbage-first heap   total 219136K, used 135002K [0x0000000080000000, 0x0000000100000000)
  region size 1024K, 8 young (8192K), 8 survivors (8192K)
 Metaspace       used 121730K, committed 122560K, reserved 1179648K
  class space    used 16318K, committed 16704K, reserved 1048576K
}
Event: 39.169 GC heap before
{Heap before GC invocations=43 (full 0):
 garbage-first heap   total 232448K, used 176986K [0x0000000080000000, 0x0000000100000000)
  region size 1024K, 51 young (52224K), 8 survivors (8192K)
 Metaspace       used 123829K, committed 124608K, reserved 1179648K
  class space    used 16678K, committed 17024K, reserved 1048576K
}
Event: 39.178 GC heap after
{Heap after GC invocations=44 (full 0):
 garbage-first heap   total 232448K, used 142129K [0x0000000080000000, 0x0000000100000000)
  region size 1024K, 7 young (7168K), 7 survivors (7168K)
 Metaspace       used 123829K, committed 124608K, reserved 1179648K
  class space    used 16678K, committed 17024K, reserved 1048576K
}
Event: 39.193 GC heap before
{Heap before GC invocations=44 (full 0):
 garbage-first heap   total 232448K, used 146225K [0x0000000080000000, 0x0000000100000000)
  region size 1024K, 11 young (11264K), 7 survivors (7168K)
 Metaspace       used 123878K, committed 124736K, reserved 1179648K
  class space    used 16684K, committed 17088K, reserved 1048576K
}
Event: 39.199 GC heap after
{Heap after GC invocations=45 (full 0):
 garbage-first heap   total 232448K, used 139804K [0x0000000080000000, 0x0000000100000000)
  region size 1024K, 2 young (2048K), 2 survivors (2048K)
 Metaspace       used 123878K, committed 124736K, reserved 1179648K
  class space    used 16684K, committed 17088K, reserved 1048576K
}
Event: 39.397 GC heap before
{Heap before GC invocations=45 (full 0):
 garbage-first heap   total 232448K, used 188956K [0x0000000080000000, 0x0000000100000000)
  region size 1024K, 50 young (51200K), 2 survivors (2048K)
 Metaspace       used 124708K, committed 125504K, reserved 1179648K
  class space    used 16785K, committed 17152K, reserved 1048576K
}
Event: 39.407 GC heap after
{Heap after GC invocations=46 (full 0):
 garbage-first heap   total 232448K, used 147606K [0x0000000080000000, 0x0000000100000000)
  region size 1024K, 7 young (7168K), 7 survivors (7168K)
 Metaspace       used 124708K, committed 125504K, reserved 1179648K
  class space    used 16785K, committed 17152K, reserved 1048576K
}

